scripts/test-file-upload-validation.ts(12,8): error TS5097: An import path can only end with a '.ts' extension when 'allowImportingTsExtensions' is enabled.
src/app/actions/attachments.ts(83,9): error TS2353: Object literal may only specify known properties, and 'projectId' does not exist in type 'Without<AttachmentCreateInput, AttachmentUncheckedCreateInput> & AttachmentUncheckedCreateInput'.
src/app/actions/logo-upload.ts(57,43): error TS2339: Property 'username' does not exist on type '{ id: string; role: string; } & { name?: string | null | undefined; email?: string | null | undefined; image?: string | null | undefined; }'.
src/app/actions/projects.ts(380,17): error TS2353: Object literal may only specify known properties, and 'isUrgent' does not exist in type 'ProjectSelect<DefaultArgs>'.
src/app/actions/projects.ts(445,25): error TS2353: Object literal may only specify known properties, and 'id' does not exist in type 'TaskDependencySelect<DefaultArgs>'.
src/app/actions/tasks.ts(404,21): error TS2561: Object literal may only specify known properties, but 'filename' does not exist in type 'AttachmentSelect<DefaultArgs>'. Did you mean to write 'fileName'?
src/app/actions/tasks.ts(413,21): error TS2353: Object literal may only specify known properties, and 'text' does not exist in type 'CommentSelect<DefaultArgs>'.
src/app/actions/tasks.ts(431,21): error TS2353: Object literal may only specify known properties, and 'completed' does not exist in type 'SubtaskSelect<DefaultArgs>'.
src/app/actions/tasks.ts(445,21): error TS2353: Object literal may only specify known properties, and 'id' does not exist in type 'TaskDependencySelect<DefaultArgs>'.
src/app/actions/tasks.ts(466,21): error TS2353: Object literal may only specify known properties, and 'id' does not exist in type 'TaskDependencySelect<DefaultArgs>'.
src/app/actions/users.ts(129,35): error TS2339: Property 'username' does not exist on type '{ id: string; role: string; } & { name?: string | null | undefined; email?: string | null | undefined; image?: string | null | undefined; }'.
src/app/actions/users.ts(172,45): error TS2339: Property 'username' does not exist on type '{ id: string; role: string; } & { name?: string | null | undefined; email?: string | null | undefined; image?: string | null | undefined; }'.
src/app/actions/users.ts(196,45): error TS2339: Property 'username' does not exist on type '{ id: string; role: string; } & { name?: string | null | undefined; email?: string | null | undefined; image?: string | null | undefined; }'.
src/app/dashboard/page.tsx(21,17): error TS2339: Property 'error' does not exist on type '{ success: boolean; projects: { total: number; trend: StatTrend | null; statusCounts: Record<number, number>; legacyActive: number; legacyOnHold: number; }; projectStatuses: { ...; }[]; tasks: { ...; }; taskStatuses: { ...; }[]; todayTasks: { ...; }; recentActivities: { ...; }[]; } | { ...; } | { ...; }'.
  Property 'error' does not exist on type '{ success: boolean; projects: { total: number; trend: StatTrend | null; statusCounts: Record<number, number>; legacyActive: number; legacyOnHold: number; }; projectStatuses: { ...; }[]; tasks: { ...; }; taskStatuses: { ...; }[]; todayTasks: { ...; }; recentActivities: { ...; }[]; }'.
src/app/dashboard/page.tsx(25,62): error TS2339: Property 'error' does not exist on type '{ success: boolean; projects: { total: number; trend: StatTrend | null; statusCounts: Record<number, number>; legacyActive: number; legacyOnHold: number; }; projectStatuses: { ...; }[]; tasks: { ...; }; taskStatuses: { ...; }[]; todayTasks: { ...; }; recentActivities: { ...; }[]; } | { ...; } | { ...; }'.
  Property 'error' does not exist on type '{ success: boolean; projects: { total: number; trend: StatTrend | null; statusCounts: Record<number, number>; legacyActive: number; legacyOnHold: number; }; projectStatuses: { ...; }[]; tasks: { ...; }; taskStatuses: { ...; }[]; todayTasks: { ...; }; recentActivities: { ...; }[]; }'.
src/app/dashboard/page.tsx(43,44): error TS2339: Property 'projects' does not exist on type '{ success: boolean; projects: { total: number; trend: StatTrend | null; statusCounts: Record<number, number>; legacyActive: number; legacyOnHold: number; }; projectStatuses: { ...; }[]; tasks: { ...; }; taskStatuses: { ...; }[]; todayTasks: { ...; }; recentActivities: { ...; }[]; } | { ...; } | { ...; }'.
  Property 'projects' does not exist on type '{ error: string; details?: undefined; }'.
src/app/dashboard/page.tsx(47,44): error TS2339: Property 'projects' does not exist on type '{ success: boolean; projects: { total: number; trend: StatTrend | null; statusCounts: Record<number, number>; legacyActive: number; legacyOnHold: number; }; projectStatuses: { ...; }[]; tasks: { ...; }; taskStatuses: { ...; }[]; todayTasks: { ...; }; recentActivities: { ...; }[]; } | { ...; } | { ...; }'.
  Property 'projects' does not exist on type '{ error: string; details?: undefined; }'.
src/app/dashboard/page.tsx(48,52): error TS2339: Property 'projects' does not exist on type '{ success: boolean; projects: { total: number; trend: StatTrend | null; statusCounts: Record<number, number>; legacyActive: number; legacyOnHold: number; }; projectStatuses: { ...; }[]; tasks: { ...; }; taskStatuses: { ...; }[]; todayTasks: { ...; }; recentActivities: { ...; }[]; } | { ...; } | { ...; }'.
  Property 'projects' does not exist on type '{ error: string; details?: undefined; }'.
src/app/dashboard/page.tsx(49,51): error TS2339: Property 'projects' does not exist on type '{ success: boolean; projects: { total: number; trend: StatTrend | null; statusCounts: Record<number, number>; legacyActive: number; legacyOnHold: number; }; projectStatuses: { ...; }[]; tasks: { ...; }; taskStatuses: { ...; }[]; todayTasks: { ...; }; recentActivities: { ...; }[]; } | { ...; } | { ...; }'.
  Property 'projects' does not exist on type '{ error: string; details?: undefined; }'.
src/app/dashboard/page.tsx(54,34): error TS2339: Property 'projectStatuses' does not exist on type '{ success: boolean; projects: { total: number; trend: StatTrend | null; statusCounts: Record<number, number>; legacyActive: number; legacyOnHold: number; }; projectStatuses: { ...; }[]; tasks: { ...; }; taskStatuses: { ...; }[]; todayTasks: { ...; }; recentActivities: { ...; }[]; } | { ...; } | { ...; }'.
  Property 'projectStatuses' does not exist on type '{ error: string; details?: undefined; }'.
src/app/dashboard/page.tsx(54,61): error TS2339: Property 'projectStatuses' does not exist on type '{ success: boolean; projects: { total: number; trend: StatTrend | null; statusCounts: Record<number, number>; legacyActive: number; legacyOnHold: number; }; projectStatuses: { ...; }[]; tasks: { ...; }; taskStatuses: { ...; }[]; todayTasks: { ...; }; recentActivities: { ...; }[]; } | { ...; } | { ...; }'.
  Property 'projectStatuses' does not exist on type '{ error: string; details?: undefined; }'.
src/app/dashboard/page.tsx(55,37): error TS2339: Property 'projectStatuses' does not exist on type '{ success: boolean; projects: { total: number; trend: StatTrend | null; statusCounts: Record<number, number>; legacyActive: number; legacyOnHold: number; }; projectStatuses: { ...; }[]; tasks: { ...; }; taskStatuses: { ...; }[]; todayTasks: { ...; }; recentActivities: { ...; }[]; } | { ...; } | { ...; }'.
  Property 'projectStatuses' does not exist on type '{ error: string; details?: undefined; }'.
src/app/dashboard/page.tsx(56,55): error TS2339: Property 'projects' does not exist on type '{ success: boolean; projects: { total: number; trend: StatTrend | null; statusCounts: Record<number, number>; legacyActive: number; legacyOnHold: number; }; projectStatuses: { ...; }[]; tasks: { ...; }; taskStatuses: { ...; }[]; todayTasks: { ...; }; recentActivities: { ...; }[]; } | { ...; } | { ...; }'.
  Property 'projects' does not exist on type '{ error: string; details?: undefined; }'.
src/app/dashboard/page.tsx(73,43): error TS2339: Property 'projects' does not exist on type '{ success: boolean; projects: { total: number; trend: StatTrend | null; statusCounts: Record<number, number>; legacyActive: number; legacyOnHold: number; }; projectStatuses: { ...; }[]; tasks: { ...; }; taskStatuses: { ...; }[]; todayTasks: { ...; }; recentActivities: { ...; }[]; } | { ...; } | { ...; }'.
  Property 'projects' does not exist on type '{ error: string; details?: undefined; }'.
src/app/dashboard/page.tsx(76,56): error TS2339: Property 'projects' does not exist on type '{ success: boolean; projects: { total: number; trend: StatTrend | null; statusCounts: Record<number, number>; legacyActive: number; legacyOnHold: number; }; projectStatuses: { ...; }[]; tasks: { ...; }; taskStatuses: { ...; }[]; todayTasks: { ...; }; recentActivities: { ...; }[]; } | { ...; } | { ...; }'.
  Property 'projects' does not exist on type '{ error: string; details?: undefined; }'.
src/app/dashboard/page.tsx(82,43): error TS2339: Property 'projects' does not exist on type '{ success: boolean; projects: { total: number; trend: StatTrend | null; statusCounts: Record<number, number>; legacyActive: number; legacyOnHold: number; }; projectStatuses: { ...; }[]; tasks: { ...; }; taskStatuses: { ...; }[]; todayTasks: { ...; }; recentActivities: { ...; }[]; } | { ...; } | { ...; }'.
  Property 'projects' does not exist on type '{ error: string; details?: undefined; }'.
src/app/dashboard/page.tsx(85,56): error TS2339: Property 'projects' does not exist on type '{ success: boolean; projects: { total: number; trend: StatTrend | null; statusCounts: Record<number, number>; legacyActive: number; legacyOnHold: number; }; projectStatuses: { ...; }[]; tasks: { ...; }; taskStatuses: { ...; }[]; todayTasks: { ...; }; recentActivities: { ...; }[]; } | { ...; } | { ...; }'.
  Property 'projects' does not exist on type '{ error: string; details?: undefined; }'.
src/app/dashboard/page.tsx(100,40): error TS2339: Property 'tasks' does not exist on type '{ success: boolean; projects: { total: number; trend: StatTrend | null; statusCounts: Record<number, number>; legacyActive: number; legacyOnHold: number; }; projectStatuses: { ...; }[]; tasks: { ...; }; taskStatuses: { ...; }[]; todayTasks: { ...; }; recentActivities: { ...; }[]; } | { ...; } | { ...; }'.
  Property 'tasks' does not exist on type '{ error: string; details?: undefined; }'.
src/app/dashboard/page.tsx(104,40): error TS2339: Property 'tasks' does not exist on type '{ success: boolean; projects: { total: number; trend: StatTrend | null; statusCounts: Record<number, number>; legacyActive: number; legacyOnHold: number; }; projectStatuses: { ...; }[]; tasks: { ...; }; taskStatuses: { ...; }[]; todayTasks: { ...; }; recentActivities: { ...; }[]; } | { ...; } | { ...; }'.
  Property 'tasks' does not exist on type '{ error: string; details?: undefined; }'.
src/app/dashboard/page.tsx(105,48): error TS2339: Property 'tasks' does not exist on type '{ success: boolean; projects: { total: number; trend: StatTrend | null; statusCounts: Record<number, number>; legacyActive: number; legacyOnHold: number; }; projectStatuses: { ...; }[]; tasks: { ...; }; taskStatuses: { ...; }[]; todayTasks: { ...; }; recentActivities: { ...; }[]; } | { ...; } | { ...; }'.
  Property 'tasks' does not exist on type '{ error: string; details?: undefined; }'.
src/app/dashboard/page.tsx(106,47): error TS2339: Property 'tasks' does not exist on type '{ success: boolean; projects: { total: number; trend: StatTrend | null; statusCounts: Record<number, number>; legacyActive: number; legacyOnHold: number; }; projectStatuses: { ...; }[]; tasks: { ...; }; taskStatuses: { ...; }[]; todayTasks: { ...; }; recentActivities: { ...; }[]; } | { ...; } | { ...; }'.
  Property 'tasks' does not exist on type '{ error: string; details?: undefined; }'.
src/app/dashboard/page.tsx(114,36): error TS2339: Property 'tasks' does not exist on type '{ success: boolean; projects: { total: number; trend: StatTrend | null; statusCounts: Record<number, number>; legacyActive: number; legacyOnHold: number; }; projectStatuses: { ...; }[]; tasks: { ...; }; taskStatuses: { ...; }[]; todayTasks: { ...; }; recentActivities: { ...; }[]; } | { ...; } | { ...; }'.
  Property 'tasks' does not exist on type '{ error: string; details?: undefined; }'.
src/app/dashboard/page.tsx(118,36): error TS2339: Property 'tasks' does not exist on type '{ success: boolean; projects: { total: number; trend: StatTrend | null; statusCounts: Record<number, number>; legacyActive: number; legacyOnHold: number; }; projectStatuses: { ...; }[]; tasks: { ...; }; taskStatuses: { ...; }[]; todayTasks: { ...; }; recentActivities: { ...; }[]; } | { ...; } | { ...; }'.
  Property 'tasks' does not exist on type '{ error: string; details?: undefined; }'.
src/app/dashboard/page.tsx(119,44): error TS2339: Property 'tasks' does not exist on type '{ success: boolean; projects: { total: number; trend: StatTrend | null; statusCounts: Record<number, number>; legacyActive: number; legacyOnHold: number; }; projectStatuses: { ...; }[]; tasks: { ...; }; taskStatuses: { ...; }[]; todayTasks: { ...; }; recentActivities: { ...; }[]; } | { ...; } | { ...; }'.
  Property 'tasks' does not exist on type '{ error: string; details?: undefined; }'.
src/app/dashboard/page.tsx(120,43): error TS2339: Property 'tasks' does not exist on type '{ success: boolean; projects: { total: number; trend: StatTrend | null; statusCounts: Record<number, number>; legacyActive: number; legacyOnHold: number; }; projectStatuses: { ...; }[]; tasks: { ...; }; taskStatuses: { ...; }[]; todayTasks: { ...; }; recentActivities: { ...; }[]; } | { ...; } | { ...; }'.
  Property 'tasks' does not exist on type '{ error: string; details?: undefined; }'.
src/app/dashboard/page.tsx(127,36): error TS2339: Property 'tasks' does not exist on type '{ success: boolean; projects: { total: number; trend: StatTrend | null; statusCounts: Record<number, number>; legacyActive: number; legacyOnHold: number; }; projectStatuses: { ...; }[]; tasks: { ...; }; taskStatuses: { ...; }[]; todayTasks: { ...; }; recentActivities: { ...; }[]; } | { ...; } | { ...; }'.
  Property 'tasks' does not exist on type '{ error: string; details?: undefined; }'.
src/app/dashboard/page.tsx(131,36): error TS2339: Property 'tasks' does not exist on type '{ success: boolean; projects: { total: number; trend: StatTrend | null; statusCounts: Record<number, number>; legacyActive: number; legacyOnHold: number; }; projectStatuses: { ...; }[]; tasks: { ...; }; taskStatuses: { ...; }[]; todayTasks: { ...; }; recentActivities: { ...; }[]; } | { ...; } | { ...; }'.
  Property 'tasks' does not exist on type '{ error: string; details?: undefined; }'.
src/app/dashboard/page.tsx(132,44): error TS2339: Property 'tasks' does not exist on type '{ success: boolean; projects: { total: number; trend: StatTrend | null; statusCounts: Record<number, number>; legacyActive: number; legacyOnHold: number; }; projectStatuses: { ...; }[]; tasks: { ...; }; taskStatuses: { ...; }[]; todayTasks: { ...; }; recentActivities: { ...; }[]; } | { ...; } | { ...; }'.
  Property 'tasks' does not exist on type '{ error: string; details?: undefined; }'.
src/app/dashboard/page.tsx(133,43): error TS2339: Property 'tasks' does not exist on type '{ success: boolean; projects: { total: number; trend: StatTrend | null; statusCounts: Record<number, number>; legacyActive: number; legacyOnHold: number; }; projectStatuses: { ...; }[]; tasks: { ...; }; taskStatuses: { ...; }[]; todayTasks: { ...; }; recentActivities: { ...; }[]; } | { ...; } | { ...; }'.
  Property 'tasks' does not exist on type '{ error: string; details?: undefined; }'.
src/app/dashboard/page.tsx(140,36): error TS2339: Property 'tasks' does not exist on type '{ success: boolean; projects: { total: number; trend: StatTrend | null; statusCounts: Record<number, number>; legacyActive: number; legacyOnHold: number; }; projectStatuses: { ...; }[]; tasks: { ...; }; taskStatuses: { ...; }[]; todayTasks: { ...; }; recentActivities: { ...; }[]; } | { ...; } | { ...; }'.
  Property 'tasks' does not exist on type '{ error: string; details?: undefined; }'.
src/app/dashboard/page.tsx(144,36): error TS2339: Property 'tasks' does not exist on type '{ success: boolean; projects: { total: number; trend: StatTrend | null; statusCounts: Record<number, number>; legacyActive: number; legacyOnHold: number; }; projectStatuses: { ...; }[]; tasks: { ...; }; taskStatuses: { ...; }[]; todayTasks: { ...; }; recentActivities: { ...; }[]; } | { ...; } | { ...; }'.
  Property 'tasks' does not exist on type '{ error: string; details?: undefined; }'.
src/app/dashboard/page.tsx(145,44): error TS2339: Property 'tasks' does not exist on type '{ success: boolean; projects: { total: number; trend: StatTrend | null; statusCounts: Record<number, number>; legacyActive: number; legacyOnHold: number; }; projectStatuses: { ...; }[]; tasks: { ...; }; taskStatuses: { ...; }[]; todayTasks: { ...; }; recentActivities: { ...; }[]; } | { ...; } | { ...; }'.
  Property 'tasks' does not exist on type '{ error: string; details?: undefined; }'.
src/app/dashboard/page.tsx(146,43): error TS2339: Property 'tasks' does not exist on type '{ success: boolean; projects: { total: number; trend: StatTrend | null; statusCounts: Record<number, number>; legacyActive: number; legacyOnHold: number; }; projectStatuses: { ...; }[]; tasks: { ...; }; taskStatuses: { ...; }[]; todayTasks: { ...; }; recentActivities: { ...; }[]; } | { ...; } | { ...; }'.
  Property 'tasks' does not exist on type '{ error: string; details?: undefined; }'.
src/app/dashboard/page.tsx(153,22): error TS2339: Property 'taskStatuses' does not exist on type '{ success: boolean; projects: { total: number; trend: StatTrend | null; statusCounts: Record<number, number>; legacyActive: number; legacyOnHold: number; }; projectStatuses: { ...; }[]; tasks: { ...; }; taskStatuses: { ...; }[]; todayTasks: { ...; }; recentActivities: { ...; }[]; } | { ...; } | { ...; }'.
  Property 'taskStatuses' does not exist on type '{ error: string; details?: undefined; }'.
src/app/dashboard/page.tsx(153,46): error TS2339: Property 'taskStatuses' does not exist on type '{ success: boolean; projects: { total: number; trend: StatTrend | null; statusCounts: Record<number, number>; legacyActive: number; legacyOnHold: number; }; projectStatuses: { ...; }[]; tasks: { ...; }; taskStatuses: { ...; }[]; todayTasks: { ...; }; recentActivities: { ...; }[]; } | { ...; } | { ...; }'.
  Property 'taskStatuses' does not exist on type '{ error: string; details?: undefined; }'.
src/app/dashboard/page.tsx(156,30): error TS2339: Property 'taskStatuses' does not exist on type '{ success: boolean; projects: { total: number; trend: StatTrend | null; statusCounts: Record<number, number>; legacyActive: number; legacyOnHold: number; }; projectStatuses: { ...; }[]; tasks: { ...; }; taskStatuses: { ...; }[]; todayTasks: { ...; }; recentActivities: { ...; }[]; } | { ...; } | { ...; }'.
  Property 'taskStatuses' does not exist on type '{ error: string; details?: undefined; }'.
src/app/dashboard/page.tsx(157,47): error TS2339: Property 'tasks' does not exist on type '{ success: boolean; projects: { total: number; trend: StatTrend | null; statusCounts: Record<number, number>; legacyActive: number; legacyOnHold: number; }; projectStatuses: { ...; }[]; tasks: { ...; }; taskStatuses: { ...; }[]; todayTasks: { ...; }; recentActivities: { ...; }[]; } | { ...; } | { ...; }'.
  Property 'tasks' does not exist on type '{ error: string; details?: undefined; }'.
src/app/dashboard/page.tsx(178,36): error TS2339: Property 'todayTasks' does not exist on type '{ success: boolean; projects: { total: number; trend: StatTrend | null; statusCounts: Record<number, number>; legacyActive: number; legacyOnHold: number; }; projectStatuses: { ...; }[]; tasks: { ...; }; taskStatuses: { ...; }[]; todayTasks: { ...; }; recentActivities: { ...; }[]; } | { ...; } | { ...; }'.
  Property 'todayTasks' does not exist on type '{ error: string; details?: undefined; }'.
src/app/dashboard/page.tsx(182,36): error TS2339: Property 'todayTasks' does not exist on type '{ success: boolean; projects: { total: number; trend: StatTrend | null; statusCounts: Record<number, number>; legacyActive: number; legacyOnHold: number; }; projectStatuses: { ...; }[]; tasks: { ...; }; taskStatuses: { ...; }[]; todayTasks: { ...; }; recentActivities: { ...; }[]; } | { ...; } | { ...; }'.
  Property 'todayTasks' does not exist on type '{ error: string; details?: undefined; }'.
src/app/dashboard/page.tsx(183,44): error TS2339: Property 'todayTasks' does not exist on type '{ success: boolean; projects: { total: number; trend: StatTrend | null; statusCounts: Record<number, number>; legacyActive: number; legacyOnHold: number; }; projectStatuses: { ...; }[]; tasks: { ...; }; taskStatuses: { ...; }[]; todayTasks: { ...; }; recentActivities: { ...; }[]; } | { ...; } | { ...; }'.
  Property 'todayTasks' does not exist on type '{ error: string; details?: undefined; }'.
src/app/dashboard/page.tsx(184,43): error TS2339: Property 'todayTasks' does not exist on type '{ success: boolean; projects: { total: number; trend: StatTrend | null; statusCounts: Record<number, number>; legacyActive: number; legacyOnHold: number; }; projectStatuses: { ...; }[]; tasks: { ...; }; taskStatuses: { ...; }[]; todayTasks: { ...; }; recentActivities: { ...; }[]; } | { ...; } | { ...; }'.
  Property 'todayTasks' does not exist on type '{ error: string; details?: undefined; }'.
src/app/dashboard/page.tsx(190,36): error TS2339: Property 'todayTasks' does not exist on type '{ success: boolean; projects: { total: number; trend: StatTrend | null; statusCounts: Record<number, number>; legacyActive: number; legacyOnHold: number; }; projectStatuses: { ...; }[]; tasks: { ...; }; taskStatuses: { ...; }[]; todayTasks: { ...; }; recentActivities: { ...; }[]; } | { ...; } | { ...; }'.
  Property 'todayTasks' does not exist on type '{ error: string; details?: undefined; }'.
src/app/dashboard/page.tsx(194,36): error TS2339: Property 'todayTasks' does not exist on type '{ success: boolean; projects: { total: number; trend: StatTrend | null; statusCounts: Record<number, number>; legacyActive: number; legacyOnHold: number; }; projectStatuses: { ...; }[]; tasks: { ...; }; taskStatuses: { ...; }[]; todayTasks: { ...; }; recentActivities: { ...; }[]; } | { ...; } | { ...; }'.
  Property 'todayTasks' does not exist on type '{ error: string; details?: undefined; }'.
src/app/dashboard/page.tsx(195,44): error TS2339: Property 'todayTasks' does not exist on type '{ success: boolean; projects: { total: number; trend: StatTrend | null; statusCounts: Record<number, number>; legacyActive: number; legacyOnHold: number; }; projectStatuses: { ...; }[]; tasks: { ...; }; taskStatuses: { ...; }[]; todayTasks: { ...; }; recentActivities: { ...; }[]; } | { ...; } | { ...; }'.
  Property 'todayTasks' does not exist on type '{ error: string; details?: undefined; }'.
src/app/dashboard/page.tsx(196,43): error TS2339: Property 'todayTasks' does not exist on type '{ success: boolean; projects: { total: number; trend: StatTrend | null; statusCounts: Record<number, number>; legacyActive: number; legacyOnHold: number; }; projectStatuses: { ...; }[]; tasks: { ...; }; taskStatuses: { ...; }[]; todayTasks: { ...; }; recentActivities: { ...; }[]; } | { ...; } | { ...; }'.
  Property 'todayTasks' does not exist on type '{ error: string; details?: undefined; }'.
src/app/dashboard/page.tsx(217,30): error TS2339: Property 'success' does not exist on type '{ success: boolean; tasks: { project: { id: number; name: string; }; id: number; description: string | null; createdAt: Date; status: string; priority: string; _count: { attachments: number; comments: number; }; ... 5 more ...; assignees: { ...; }[]; }[]; } | { ...; } | { ...; }'.
  Property 'success' does not exist on type '{ error: string; details?: undefined; }'.
src/app/dashboard/page.tsx(219,44): error TS2339: Property 'tasks' does not exist on type '{ success: boolean; tasks: { project: { id: number; name: string; }; id: number; description: string | null; createdAt: Date; status: string; priority: string; _count: { attachments: number; comments: number; }; ... 5 more ...; assignees: { ...; }[]; }[]; } | { ...; } | { ...; }'.
  Property 'tasks' does not exist on type '{ error: string; details?: undefined; }'.
src/app/dashboard/projects/[id]/tasks/[taskId]/page.tsx(32,31): error TS2339: Property 'dependencies' does not exist on type '{ id: number; title: string; description: string | null; status: string; taskStatusId: number | null; priority: string; dueDate: Date | null; plannedDate: Date | null; estimatedHours: number; ... 8 more ...; completedAt: Date | null; }'.
src/app/dashboard/projects/[id]/tasks/[taskId]/page.tsx(98,71): error TS2551: Property 'project' does not exist on type '{ id: number; title: string; description: string | null; status: string; taskStatusId: number | null; priority: string; dueDate: Date | null; plannedDate: Date | null; estimatedHours: number; ... 8 more ...; completedAt: Date | null; }'. Did you mean 'projectId'?
src/app/dashboard/projects/[id]/tasks/[taskId]/page.tsx(101,43): error TS2551: Property 'project' does not exist on type '{ id: number; title: string; description: string | null; status: string; taskStatusId: number | null; priority: string; dueDate: Date | null; plannedDate: Date | null; estimatedHours: number; ... 8 more ...; completedAt: Date | null; }'. Did you mean 'projectId'?
src/app/dashboard/projects/[id]/tasks/[taskId]/page.tsx(107,43): error TS2339: Property 'assignees' does not exist on type '{ id: number; title: string; description: string | null; status: string; taskStatusId: number | null; priority: string; dueDate: Date | null; plannedDate: Date | null; estimatedHours: number; ... 8 more ...; completedAt: Date | null; }'.
src/app/dashboard/projects/[id]/tasks/[taskId]/page.tsx(107,61): error TS2339: Property 'assignees' does not exist on type '{ id: number; title: string; description: string | null; status: string; taskStatusId: number | null; priority: string; dueDate: Date | null; plannedDate: Date | null; estimatedHours: number; ... 8 more ...; completedAt: Date | null; }'.
src/app/dashboard/projects/[id]/tasks/[taskId]/page.tsx(108,46): error TS2339: Property 'assignees' does not exist on type '{ id: number; title: string; description: string | null; status: string; taskStatusId: number | null; priority: string; dueDate: Date | null; plannedDate: Date | null; estimatedHours: number; ... 8 more ...; completedAt: Date | null; }'.
src/app/dashboard/projects/[id]/tasks/[taskId]/page.tsx(134,35): error TS2339: Property 'team' does not exist on type '{ id: number; title: string; description: string | null; status: string; taskStatusId: number | null; priority: string; dueDate: Date | null; plannedDate: Date | null; estimatedHours: number; ... 8 more ...; completedAt: Date | null; }'.
src/app/dashboard/projects/[id]/tasks/[taskId]/page.tsx(141,47): error TS2339: Property 'team' does not exist on type '{ id: number; title: string; description: string | null; status: string; taskStatusId: number | null; priority: string; dueDate: Date | null; plannedDate: Date | null; estimatedHours: number; ... 8 more ...; completedAt: Date | null; }'.
src/app/dashboard/projects/[id]/tasks/[taskId]/page.tsx(145,35): error TS2339: Property 'creator' does not exist on type '{ id: number; title: string; description: string | null; status: string; taskStatusId: number | null; priority: string; dueDate: Date | null; plannedDate: Date | null; estimatedHours: number; ... 8 more ...; completedAt: Date | null; }'.
src/app/dashboard/projects/[id]/tasks/[taskId]/page.tsx(152,47): error TS2339: Property 'creator' does not exist on type '{ id: number; title: string; description: string | null; status: string; taskStatusId: number | null; priority: string; dueDate: Date | null; plannedDate: Date | null; estimatedHours: number; ... 8 more ...; completedAt: Date | null; }'.
src/app/dashboard/projects/[id]/tasks/[taskId]/page.tsx(191,53): error TS2339: Property 'subtasks' does not exist on type '{ id: number; title: string; description: string | null; status: string; taskStatusId: number | null; priority: string; dueDate: Date | null; plannedDate: Date | null; estimatedHours: number; ... 8 more ...; completedAt: Date | null; }'.
src/app/dashboard/projects/[id]/tasks/[taskId]/page.tsx(216,44): error TS2339: Property 'comments' does not exist on type '{ id: number; title: string; description: string | null; status: string; taskStatusId: number | null; priority: string; dueDate: Date | null; plannedDate: Date | null; estimatedHours: number; ... 8 more ...; completedAt: Date | null; }'.
src/components/tasks/tasks-dashboard.tsx(195,25): error TS2322: Type '{ from: Date | undefined; to: Date | undefined; } | undefined' is not assignable to type '{ from: Date; to: Date; } | undefined'.
  Type '{ from: Date | undefined; to: Date | undefined; }' is not assignable to type '{ from: Date; to: Date; }'.
    Types of property 'from' are incompatible.
      Type 'Date | undefined' is not assignable to type 'Date'.
        Type 'undefined' is not assignable to type 'Date'.
src/components/user-button.tsx(58,74): error TS17001: JSX elements cannot have multiple attributes with the same name.
